<?xml version="1.0" encoding="UTF-8"?>
<testng-results ignored="0" total="1" passed="1" failed="0" skipped="0">
  <reporter-output>
  </reporter-output>
  <suite started-at="2022-09-20T12:04:59 IST" name="Default suite" finished-at="2022-09-20T12:05:51 IST" duration-ms="51217">
    <groups>
    </groups>
    <test started-at="2022-09-20T12:04:59 IST" name="Default test" finished-at="2022-09-20T12:05:51 IST" duration-ms="51217">
      <class name="com.Flipkart.AddProduct.AddProductToCart">
        <test-method is-config="true" signature="suiteSetup()[pri:0, instance:com.Flipkart.AddProduct.AddProductToCart@2e3967ea]" started-at="2022-09-20T12:04:59 IST" name="suiteSetup" finished-at="2022-09-20T12:05:13 IST" duration-ms="14061" status="PASS">
          <reporter-output>
          </reporter-output>
        </test-method> <!-- suiteSetup -->
        <test-method is-config="true" signature="loginTest()[pri:0, instance:com.Flipkart.AddProduct.AddProductToCart@2e3967ea]" started-at="2022-09-20T12:05:14 IST" name="loginTest" finished-at="2022-09-20T12:05:36 IST" duration-ms="22905" status="PASS">
          <reporter-output>
          </reporter-output>
        </test-method> <!-- loginTest -->
        <test-method signature="addProduct()[pri:0, instance:com.Flipkart.AddProduct.AddProductToCart@2e3967ea]" started-at="2022-09-20T12:05:36 IST" name="addProduct" finished-at="2022-09-20T12:05:49 IST" duration-ms="12811" status="PASS">
          <reporter-output>
          </reporter-output>
        </test-method> <!-- addProduct -->
        <test-method is-config="true" signature="LogoutTest()[pri:0, instance:com.Flipkart.AddProduct.AddProductToCart@2e3967ea]" started-at="2022-09-20T12:05:49 IST" name="LogoutTest" finished-at="2022-09-20T12:05:49 IST" duration-ms="0" status="PASS">
          <reporter-output>
          </reporter-output>
        </test-method> <!-- LogoutTest -->
        <test-method is-config="true" signature="closeBrowser()[pri:0, instance:com.Flipkart.AddProduct.AddProductToCart@2e3967ea]" started-at="2022-09-20T12:05:49 IST" name="closeBrowser" finished-at="2022-09-20T12:05:51 IST" duration-ms="1329" status="PASS">
          <reporter-output>
          </reporter-output>
        </test-method> <!-- closeBrowser -->
      </class> <!-- com.Flipkart.AddProduct.AddProductToCart -->
    </test> <!-- Default test -->
  </suite> <!-- Default suite -->
</testng-results>
