<?xml version="1.0" encoding="UTF-8"?>
<testng-results ignored="0" total="1" passed="1" failed="0" skipped="0">
  <reporter-output>
  </reporter-output>
  <suite started-at="2022-11-15T19:49:53 IST" name="Default suite" finished-at="2022-11-15T19:51:12 IST" duration-ms="79356">
    <groups>
    </groups>
    <test started-at="2022-11-15T19:49:53 IST" name="Default test" finished-at="2022-11-15T19:51:12 IST" duration-ms="79356">
      <class name="com.Assignment.AssignmentTest">
        <test-method signature="assignmentTest()[pri:0, instance:com.Assignment.AssignmentTest@729d991e]" started-at="2022-11-15T19:49:53 IST" name="assignmentTest" finished-at="2022-11-15T19:51:12 IST" duration-ms="79183" status="PASS">
          <reporter-output>
          </reporter-output>
        </test-method> <!-- assignmentTest -->
      </class> <!-- com.Assignment.AssignmentTest -->
    </test> <!-- Default test -->
  </suite> <!-- Default suite -->
</testng-results>
