# JRE version: OpenJDK Runtime Environment (16.0.1+9) (build 16.0.1+9-24)
# Java VM: OpenJDK 64-Bit Server VM (16.0.1+9-24, mixed mode, tiered, compressed oops, compressed class ptrs, g1 gc, windows-amd64)
GC Precious Log:
 CPUs: 2 total, 2 available
 Memory: 3959M
 Large Page Support: Disabled
 NUMA Support: Disabled
 Compressed Oops: Enabled (32-bit)
 Heap Region Size: 1M
 Heap Min Capacity: 8M
 Heap Initial Capacity: 62M
 Heap Max Capacity: 990M
 Pre-touch: Disabled
 Parallel Workers: 2
 Concurrent Workers: 1
 Concurrent Refinement Workers: 2
 Periodic GC: Disabled
Heap:
 garbage-first heap   total 65536K, used 46339K [0x00000000c2200000, 0x0000000100000000)
  region size 1024K, 29 young (29696K), 5 survivors (5120K)
 Metaspace       used 40547K, committed 40832K, reserved 1089536K
  class space    used 4641K, committed 4800K, reserved 1048576K
GC Heap History (16 events):
Event: 1.593 GC heap before
{Heap before GC invocations=0 (full 0):
 garbage-first heap   total 63488K, used 5120K [0x00000000c2200000, 0x0000000100000000)
  region size 1024K, 6 young (6144K), 0 survivors (0K)
 Metaspace       used 7418K, committed 7616K, reserved 1056768K
  class space    used 628K, committed 704K, reserved 1048576K
}
Event: 1.601 GC heap after
{Heap after GC invocations=1 (full 0):
 garbage-first heap   total 63488K, used 3370K [0x00000000c2200000, 0x0000000100000000)
  region size 1024K, 1 young (1024K), 1 survivors (1024K)
 Metaspace       used 7418K, committed 7616K, reserved 1056768K
  class space    used 628K, committed 704K, reserved 1048576K
}
Event: 1.626 GC heap before
{Heap before GC invocations=1 (full 0):
 garbage-first heap   total 63488K, used 6442K [0x00000000c2200000, 0x0000000100000000)
  region size 1024K, 5 young (5120K), 1 survivors (1024K)
 Metaspace       used 7429K, committed 7616K, reserved 1056768K
  class space    used 628K, committed 704K, reserved 1048576K
}
Event: 1.631 GC heap after
{Heap after GC invocations=2 (full 0):
 garbage-first heap   total 63488K, used 4696K [0x00000000c2200000, 0x0000000100000000)
  region size 1024K, 1 young (1024K), 1 survivors (1024K)
 Metaspace       used 7429K, committed 7616K, reserved 1056768K
  class space    used 628K, committed 704K, reserved 1048576K
}
Event: 2.401 GC heap before
{Heap before GC invocations=2 (full 0):
 garbage-first heap   total 63488K, used 11864K [0x00000000c2200000, 0x0000000100000000)
  region size 1024K, 9 young (9216K), 1 survivors (1024K)
 Metaspace       used 11587K, committed 11776K, reserved 1064960K
  class space    used 1075K, committed 1152K, reserved 1048576K
}
Event: 2.409 GC heap after
{Heap after GC invocations=3 (full 0):
 garbage-first heap   total 63488K, used 8114K [0x00000000c2200000, 0x0000000100000000)
  region size 1024K, 2 young (2048K), 2 survivors (2048K)
 Metaspace       used 11587K, committed 11776K, reserved 1064960K
  class space    used 1075K, committed 1152K, reserved 1048576K
}
Event: 5.380 GC heap before
{Heap before GC invocations=3 (full 0):
 garbage-first heap   total 63488K, used 41906K [0x00000000c2200000, 0x0000000100000000)
  region size 1024K, 36 young (36864K), 2 survivors (2048K)
 Metaspace       used 21065K, committed 21248K, reserved 1073152K
  class space    used 2139K, committed 2240K, reserved 1048576K
}
Event: 5.393 GC heap after
{Heap after GC invocations=4 (full 0):
 garbage-first heap   total 63488K, used 10364K [0x00000000c2200000, 0x0000000100000000)
  region size 1024K, 5 young (5120K), 5 survivors (5120K)
 Metaspace       used 21065K, committed 21248K, reserved 1073152K
  class space    used 2139K, committed 2240K, reserved 1048576K
}
Event: 5.553 GC heap before
{Heap before GC invocations=5 (full 0):
 garbage-first heap   total 40960K, used 40060K [0x00000000c2200000, 0x0000000100000000)
  region size 1024K, 34 young (34816K), 5 survivors (5120K)
 Metaspace       used 21076K, committed 21312K, reserved 1073152K
  class space    used 2139K, committed 2240K, reserved 1048576K
}
Event: 5.567 GC heap after
{Heap after GC invocations=6 (full 0):
 garbage-first heap   total 47104K, used 11318K [0x00000000c2200000, 0x0000000100000000)
  region size 1024K, 4 young (4096K), 4 survivors (4096K)
 Metaspace       used 21076K, committed 21312K, reserved 1073152K
  class space    used 2139K, committed 2240K, reserved 1048576K
}
Event: 6.496 GC heap before
{Heap before GC invocations=6 (full 0):
 garbage-first heap   total 47104K, used 31798K [0x00000000c2200000, 0x0000000100000000)
  region size 1024K, 24 young (24576K), 4 survivors (4096K)
 Metaspace       used 23790K, committed 24000K, reserved 1073152K
  class space    used 2486K, committed 2560K, reserved 1048576K
}
Event: 6.508 GC heap after
{Heap after GC invocations=7 (full 0):
 garbage-first heap   total 47104K, used 12188K [0x00000000c2200000, 0x0000000100000000)
  region size 1024K, 2 young (2048K), 2 survivors (2048K)
 Metaspace       used 23790K, committed 24000K, reserved 1073152K
  class space    used 2486K, committed 2560K, reserved 1048576K
}
Event: 7.929 GC heap before
{Heap before GC invocations=7 (full 0):
 garbage-first heap   total 47104K, used 33692K [0x00000000c2200000, 0x0000000100000000)
  region size 1024K, 23 young (23552K), 2 survivors (2048K)
 Metaspace       used 27704K, committed 27904K, reserved 1081344K
  class space    used 2885K, committed 2944K, reserved 1048576K
}
Event: 7.944 GC heap after
{Heap after GC invocations=8 (full 0):
 garbage-first heap   total 80896K, used 15619K [0x00000000c2200000, 0x0000000100000000)
  region size 1024K, 3 young (3072K), 3 survivors (3072K)
 Metaspace       used 27704K, committed 27904K, reserved 1081344K
  class space    used 2885K, committed 2944K, reserved 1048576K
}
Event: 10.906 GC heap before
{Heap before GC invocations=8 (full 0):
 garbage-first heap   total 80896K, used 42243K [0x00000000c2200000, 0x0000000100000000)
  region size 1024K, 30 young (30720K), 3 survivors (3072K)
 Metaspace       used 35242K, committed 35520K, reserved 1081344K
  class space    used 3872K, committed 4032K, reserved 1048576K
}
Event: 10.925 GC heap after
{Heap after GC invocations=9 (full 0):
 garbage-first heap   total 80896K, used 17667K [0x00000000c2200000, 0x0000000100000000)
  region size 1024K, 5 young (5120K), 5 survivors (5120K)
 Metaspace       used 35242K, committed 35520K, reserved 1081344K
  class space    used 3872K, committed 4032K, reserved 1048576K
}

