# JRE version: OpenJDK Runtime Environment (16.0.1+9) (build 16.0.1+9-24)
# Java VM: OpenJDK 64-Bit Server VM (16.0.1+9-24, mixed mode, tiered, compressed oops, compressed class ptrs, g1 gc, windows-amd64)
GC Precious Log:
 CPUs: 2 total, 2 available
 Memory: 3959M
 Large Page Support: Disabled
 NUMA Support: Disabled
 Compressed Oops: Enabled (32-bit)
 Heap Region Size: 1M
 Heap Min Capacity: 8M
 Heap Initial Capacity: 62M
 Heap Max Capacity: 990M
 Pre-touch: Disabled
 Parallel Workers: 2
 Concurrent Workers: 1
 Concurrent Refinement Workers: 2
 Periodic GC: Disabled
Heap:
 garbage-first heap   total 51200K, used 31506K [0x00000000c2200000, 0x0000000100000000)
  region size 1024K, 14 young (14336K), 2 survivors (2048K)
 Metaspace       used 31916K, committed 32192K, reserved 1081344K
  class space    used 3565K, committed 3712K, reserved 1048576K
GC Heap History (12 events):
Event: 3.122 GC heap before
{Heap before GC invocations=0 (full 0):
 garbage-first heap   total 63488K, used 5120K [0x00000000c2200000, 0x0000000100000000)
  region size 1024K, 6 young (6144K), 0 survivors (0K)
 Metaspace       used 7409K, committed 7552K, reserved 1056768K
  class space    used 628K, committed 704K, reserved 1048576K
}
Event: 3.212 GC heap after
{Heap after GC invocations=1 (full 0):
 garbage-first heap   total 63488K, used 3100K [0x00000000c2200000, 0x0000000100000000)
  region size 1024K, 1 young (1024K), 1 survivors (1024K)
 Metaspace       used 7409K, committed 7552K, reserved 1056768K
  class space    used 628K, committed 704K, reserved 1048576K
}
Event: 3.264 GC heap before
{Heap before GC invocations=1 (full 0):
 garbage-first heap   total 63488K, used 6172K [0x00000000c2200000, 0x0000000100000000)
  region size 1024K, 5 young (5120K), 1 survivors (1024K)
 Metaspace       used 7419K, committed 7616K, reserved 1056768K
  class space    used 628K, committed 704K, reserved 1048576K
}
Event: 3.268 GC heap after
{Heap after GC invocations=2 (full 0):
 garbage-first heap   total 63488K, used 4646K [0x00000000c2200000, 0x0000000100000000)
  region size 1024K, 1 young (1024K), 1 survivors (1024K)
 Metaspace       used 7419K, committed 7616K, reserved 1056768K
  class space    used 628K, committed 704K, reserved 1048576K
}
Event: 4.520 GC heap before
{Heap before GC invocations=2 (full 0):
 garbage-first heap   total 63488K, used 11814K [0x00000000c2200000, 0x0000000100000000)
  region size 1024K, 9 young (9216K), 1 survivors (1024K)
 Metaspace       used 11592K, committed 11776K, reserved 1064960K
  class space    used 1075K, committed 1152K, reserved 1048576K
}
Event: 4.526 GC heap after
{Heap after GC invocations=3 (full 0):
 garbage-first heap   total 63488K, used 8019K [0x00000000c2200000, 0x0000000100000000)
  region size 1024K, 2 young (2048K), 2 survivors (2048K)
 Metaspace       used 11592K, committed 11776K, reserved 1064960K
  class space    used 1075K, committed 1152K, reserved 1048576K
}
Event: 7.885 GC heap before
{Heap before GC invocations=3 (full 0):
 garbage-first heap   total 63488K, used 43859K [0x00000000c2200000, 0x0000000100000000)
  region size 1024K, 37 young (37888K), 2 survivors (2048K)
 Metaspace       used 20166K, committed 20352K, reserved 1073152K
  class space    used 1976K, committed 2048K, reserved 1048576K
}
Event: 7.905 GC heap after
{Heap after GC invocations=4 (full 0):
 garbage-first heap   total 63488K, used 12777K [0x00000000c2200000, 0x0000000100000000)
  region size 1024K, 5 young (5120K), 5 survivors (5120K)
 Metaspace       used 20166K, committed 20352K, reserved 1073152K
  class space    used 1976K, committed 2048K, reserved 1048576K
}
Event: 8.351 GC heap before
{Heap before GC invocations=4 (full 0):
 garbage-first heap   total 63488K, used 14825K [0x00000000c2200000, 0x0000000100000000)
  region size 1024K, 8 young (8192K), 5 survivors (5120K)
 Metaspace       used 21049K, committed 21248K, reserved 1073152K
  class space    used 2101K, committed 2176K, reserved 1048576K
}
Event: 8.365 GC heap after
{Heap after GC invocations=5 (full 0):
 garbage-first heap   total 63488K, used 13589K [0x00000000c2200000, 0x0000000100000000)
  region size 1024K, 1 young (1024K), 1 survivors (1024K)
 Metaspace       used 21049K, committed 21248K, reserved 1073152K
  class space    used 2101K, committed 2176K, reserved 1048576K
}
Event: 10.990 GC heap before
{Heap before GC invocations=6 (full 0):
 garbage-first heap   total 51200K, used 38165K [0x00000000c2200000, 0x0000000100000000)
  region size 1024K, 26 young (26624K), 1 survivors (1024K)
 Metaspace       used 28998K, committed 29184K, reserved 1081344K
  class space    used 3155K, committed 3264K, reserved 1048576K
}
Event: 10.998 GC heap after
{Heap after GC invocations=7 (full 0):
 garbage-first heap   total 51200K, used 15122K [0x00000000c2200000, 0x0000000100000000)
  region size 1024K, 2 young (2048K), 2 survivors (2048K)
 Metaspace       used 28998K, committed 29184K, reserved 1081344K
  class space    used 3155K, committed 3264K, reserved 1048576K
}

